<?xml version="1.0" encoding="UTF-8"?>
<testng-results ignored="1" total="2" passed="1" failed="0" skipped="0">
  <reporter-output>
  </reporter-output>
  <suite started-at="2024-02-21T10:46:14 IST" name="Default suite" finished-at="2024-02-21T10:46:33 IST" duration-ms="18887">
    <groups>
    </groups>
    <test started-at="2024-02-21T10:46:14 IST" name="Default test" finished-at="2024-02-21T10:46:33 IST" duration-ms="18887">
      <class name="E2E.Flipcart.TestCases">
        <test-method signature="e2e()[pri:0, instance:E2E.Flipcart.TestCases@1a6d8329]" started-at="2024-02-21T10:46:14 IST" name="e2e" finished-at="2024-02-21T10:46:33 IST" duration-ms="18794" status="PASS">
          <reporter-output>
          </reporter-output>
        </test-method> <!-- e2e -->
      </class> <!-- E2E.Flipcart.TestCases -->
    </test> <!-- Default test -->
  </suite> <!-- Default suite -->
</testng-results>
