<?xml version="1.0" encoding="UTF-8"?>
<!-- Generated by org.testng.reporters.JUnitXMLReporter -->
<testsuite ignored="0" hostname="DESKTOP-3EB4RTA" failures="0" tests="3" name="Submit Order Test" time="42.37" errors="0" timestamp="2024-02-11T17:30:03 IST">
  <testcase classname="ShirishAcademy.SeleniumFrameworkDesign.StandAloneTest" name="SubmitOrder" time="8.475"/>
  <testcase classname="ShirishAcademy.SeleniumFrameworkDesign.StandAloneTest" name="SubmitOrder" time="7.706"/>
  <testcase classname="ShirishAcademy.SeleniumFrameworkDesign.StandAloneTest" name="OrderHistoryPage" time="1.919"/>
</testsuite> <!-- Submit Order Test -->
