<?xml version="1.0" encoding="UTF-8"?>
<!-- Generated by org.testng.reporters.JUnitXMLReporter -->
<testsuite ignored="1" hostname="DESKTOP-3EB4RTA" failures="0" tests="1" name="Default test" time="18.887" errors="0" timestamp="2024-02-21T10:46:33 IST">
  <testcase classname="E2E.Flipcart.TestCases" name="e2e" time="18.794"/>
  <testcase classname="E2E.Flipcart.TestCases" name="selectdDropdowns" time="0.0">
    <ignored/>
  </testcase> <!-- selectdDropdowns -->
</testsuite> <!-- Default test -->
